
Model MG94customModel assigned to D_CD_83_ELI_ACC_K03454
Model MG94customModel assigned to D_CD_83_NDK_ACC_M27323
Model MG94customModel assigned to Node3
Model MG94customModel assigned to D_UG_94_94UG114_ACC_U88824
Model MG94customModel assigned to Node2
Model MG94customModel assigned to D_CD_84_84ZR085_ACC_U88822
Model MG94customModel assigned to B_US_83_RF_ACC_M17451
Model MG94customModel assigned to B_FR_83_HXB2_ACC_K03455
Model MG94customModel assigned to B_US_86_JRFL_ACC_U63632
Model MG94customModel assigned to Node11
Model MG94customModel assigned to B_US_90_WEAU160_ACC_U21135
Model MG94customModel assigned to Node10
Model MG94customModel assigned to Node8
The tips of the tree:givenTree were matched with the species names from the data as follows {4,5,7,6,1,0,2,3}

Pseudo-optimal path's cost 2020 vs 2908 for 1..k=> a 1.4396 x improvement
Partition 0 reversible model flag computed as 1
Variable 'givenTree.D_CD_83_ELI_ACC_K03454.synRate' was not initialized prior to being used
Variable 'givenTree.D_CD_83_NDK_ACC_M27323.synRate' was not initialized prior to being used
Variable 'givenTree.D_UG_94_94UG114_ACC_U88824.synRate' was not initialized prior to being used
Variable 'givenTree.D_CD_84_84ZR085_ACC_U88822.synRate' was not initialized prior to being used
Variable 'givenTree.B_US_83_RF_ACC_M17451.synRate' was not initialized prior to being used
Variable 'givenTree.B_FR_83_HXB2_ACC_K03455.synRate' was not initialized prior to being used
Variable 'givenTree.B_US_86_JRFL_ACC_U63632.synRate' was not initialized prior to being used
Variable 'givenTree.B_US_90_WEAU160_ACC_U21135.synRate' was not initialized prior to being used
Variable 'givenTree.Node3.synRate' was not initialized prior to being used
Variable 'givenTree.Node2.synRate' was not initialized prior to being used
Variable 'givenTree.Node11.synRate' was not initialized prior to being used
Variable 'givenTree.Node10.synRate' was not initialized prior to being used
Variable 'givenTree.Node8.synRate' was not initialized prior to being used
Site 1 evaluated to a 0 probability in ComputeTreeBlockByBranch
Initial guess for givenTree.Node2.synRate is -0.000105246
Initial guess for givenTree.Node3.synRate is 0.00735376
Initial guess for givenTree.D_CD_83_ELI_ACC_K03454.synRate is 0.0129489
Initial guess for givenTree.D_CD_83_NDK_ACC_M27323.synRate is 0.00611341
Initial guess for givenTree.D_UG_94_94UG114_ACC_U88824.synRate is 0.0314389
Initial guess for givenTree.D_CD_84_84ZR085_ACC_U88822.synRate is 0.019013
Initial guess for givenTree.Node8.synRate is 0.0130844
Initial guess for givenTree.B_US_83_RF_ACC_M17451.synRate is 0.0180993
Initial guess for givenTree.Node10.synRate is 0.00198838
Initial guess for givenTree.Node11.synRate is 0.00113738
Initial guess for givenTree.B_FR_83_HXB2_ACC_K03455.synRate is 0.00810202
Initial guess for givenTree.B_US_86_JRFL_ACC_U63632.synRate is 0.0114861
Initial guess for givenTree.B_US_90_WEAU160_ACC_U21135.synRate is 0.0134235
Optimization settings:
	OPTIMIZATION_METHOD = 4
	OPTIMIZATION_PRECISION = 0.001
	MAXIMUM_ITERATIONS_PER_VARIABLE = 5000
